2017-12-11 10:05:56,028 CRIT Supervisor running as root (no user in config file)
2017-12-11 10:05:56,028 WARN Included extra file "/etc/supervisor/conf.d/supervisord.conf" during parsing
2017-12-11 10:05:56,062 INFO RPC interface 'supervisor' initialized
2017-12-11 10:05:56,062 CRIT Server 'unix_http_server' running without any HTTP authentication checking
2017-12-11 10:05:56,063 INFO supervisord started with pid 1
2017-12-11 10:05:57,086 INFO spawned: 'varnishd' with pid 13
2017-12-11 10:05:57,143 INFO spawned: 'php-fpm' with pid 14
2017-12-11 10:05:57,275 INFO spawned: 'varnish-plugins-watcher' with pid 15
2017-12-11 10:05:57,323 INFO spawned: 'nginx' with pid 16
2017-12-11 10:05:57,440 INFO spawned: 'MailHog' with pid 17
2017-12-11 10:05:57,613 INFO spawned: 'mysql' with pid 20
2017-12-11 10:05:57,838 INFO spawned: 'varnish-themes-watcher' with pid 22
2017-12-11 10:05:58,179 INFO success: varnishd entered RUNNING state, process has stayed up for > than 1 seconds (startsecs)
2017-12-11 10:05:58,180 INFO success: php-fpm entered RUNNING state, process has stayed up for > than 1 seconds (startsecs)
2017-12-11 10:05:58,438 INFO success: varnish-plugins-watcher entered RUNNING state, process has stayed up for > than 1 seconds (startsecs)
2017-12-11 10:05:58,438 INFO success: nginx entered RUNNING state, process has stayed up for > than 1 seconds (startsecs)
2017-12-11 10:05:58,438 INFO success: MailHog entered RUNNING state, process has stayed up for > than 1 seconds (startsecs)
2017-12-11 10:05:58,558 INFO success: mysql entered RUNNING state, process has stayed up for > than 1 seconds (startsecs)
2017-12-11 10:05:59,508 INFO success: varnish-themes-watcher entered RUNNING state, process has stayed up for > than 1 seconds (startsecs)
2017-12-11 12:10:19,465 CRIT Supervisor running as root (no user in config file)
2017-12-11 12:10:19,467 WARN Included extra file "/etc/supervisor/conf.d/supervisord.conf" during parsing
2017-12-11 12:10:19,914 INFO RPC interface 'supervisor' initialized
2017-12-11 12:10:19,914 CRIT Server 'unix_http_server' running without any HTTP authentication checking
2017-12-11 12:10:19,914 INFO supervisord started with pid 1
2017-12-11 12:10:20,920 INFO spawned: 'varnishd' with pid 24
2017-12-11 12:10:20,932 INFO spawned: 'php-fpm' with pid 25
2017-12-11 12:10:20,950 INFO spawned: 'varnish-plugins-watcher' with pid 26
2017-12-11 12:10:20,969 INFO spawned: 'nginx' with pid 27
2017-12-11 12:10:20,987 INFO spawned: 'MailHog' with pid 28
2017-12-11 12:10:21,026 INFO spawned: 'mysql' with pid 29
2017-12-11 12:10:21,048 INFO spawned: 'varnish-themes-watcher' with pid 31
2017-12-11 12:10:22,437 INFO success: varnishd entered RUNNING state, process has stayed up for > than 1 seconds (startsecs)
2017-12-11 12:10:22,438 INFO success: php-fpm entered RUNNING state, process has stayed up for > than 1 seconds (startsecs)
2017-12-11 12:10:22,438 INFO success: varnish-plugins-watcher entered RUNNING state, process has stayed up for > than 1 seconds (startsecs)
2017-12-11 12:10:22,438 INFO success: nginx entered RUNNING state, process has stayed up for > than 1 seconds (startsecs)
2017-12-11 12:10:22,438 INFO success: MailHog entered RUNNING state, process has stayed up for > than 1 seconds (startsecs)
2017-12-11 12:10:22,438 INFO success: mysql entered RUNNING state, process has stayed up for > than 1 seconds (startsecs)
2017-12-11 12:10:22,438 INFO success: varnish-themes-watcher entered RUNNING state, process has stayed up for > than 1 seconds (startsecs)
