[11-Dec-2017 10:06:35 UTC] PHP Notice:  Undefined index: SERVER_SOFTWARE in phar:///usr/local/bin/wp/php/WP_CLI/Runner.php(1020) : eval()'d code on line 75
[11-Dec-2017 10:06:36 UTC] PHP Notice:  Undefined index: SERVER_SOFTWARE in phar:///usr/local/bin/wp/php/WP_CLI/Runner.php(1020) : eval()'d code on line 75
[11-Dec-2017 10:06:39 UTC] PHP Notice:  Undefined index: SERVER_SOFTWARE in phar:///usr/local/bin/wp/php/WP_CLI/Runner.php(1020) : eval()'d code on line 75
[11-Dec-2017 10:06:39 UTC] PHP Notice:  Undefined index: SERVER_SOFTWARE in phar:///usr/local/bin/wp/php/WP_CLI/Runner.php(1020) : eval()'d code on line 75
[11-Dec-2017 10:06:41 UTC] PHP Notice:  Undefined index: SERVER_SOFTWARE in phar:///usr/local/bin/wp/php/WP_CLI/Runner.php(1020) : eval()'d code on line 75
[11-Dec-2017 10:06:42 UTC] PHP Notice:  Undefined index: SERVER_SOFTWARE in phar:///usr/local/bin/wp/php/WP_CLI/Runner.php(1020) : eval()'d code on line 75
[11-Dec-2017 12:45:56 UTC] PHP Parse error:  syntax error, unexpected 'x' (T_STRING), expecting ',' or ';' in /app/public/experiment.php on line 5
[11-Dec-2017 13:28:25 UTC] PHP Parse error:  syntax error, unexpected ',', expecting variable (T_VARIABLE) in /app/public/wp-content/themes/fictional-university-theme/index.php on line 2
[11-Dec-2017 13:28:46 UTC] PHP Parse error:  syntax error, unexpected ',', expecting variable (T_VARIABLE) in /app/public/wp-content/themes/fictional-university-theme/index.php on line 2
[11-Dec-2017 13:28:56 UTC] PHP Parse error:  syntax error, unexpected ',', expecting variable (T_VARIABLE) in /app/public/wp-content/themes/fictional-university-theme/index.php on line 2
[11-Dec-2017 13:32:48 UTC] PHP Parse error:  syntax error, unexpected ',', expecting variable (T_VARIABLE) in /app/public/wp-content/themes/fictional-university-theme/index.php on line 5
[11-Dec-2017 14:12:57 UTC] PHP Parse error:  syntax error, unexpected '=' in /app/public/wp-content/themes/fictional-university-theme/index.php on line 2
[11-Dec-2017 14:13:14 UTC] PHP Parse error:  syntax error, unexpected '=' in /app/public/wp-content/themes/fictional-university-theme/index.php on line 2
[11-Dec-2017 14:13:24 UTC] PHP Parse error:  syntax error, unexpected '=' in /app/public/wp-content/themes/fictional-university-theme/index.php on line 2
[11-Dec-2017 14:21:08 UTC] PHP Parse error:  syntax error, unexpected '<' in /app/public/wp-content/themes/fictional-university-theme/index.php on line 5
[11-Dec-2017 14:23:22 UTC] PHP Parse error:  syntax error, unexpected '}', expecting ',' or ';' in /app/public/wp-content/themes/fictional-university-theme/index.php on line 6
[11-Dec-2017 14:24:28 UTC] PHP Parse error:  syntax error, unexpected ')' in /app/public/wp-content/themes/fictional-university-theme/index.php on line 5
[11-Dec-2017 15:19:29 UTC] PHP Fatal error:  Uncaught Error: Call to undefined function fwp_enqueue_style() in /app/public/wp-content/themes/fictional-university-theme/functions.php:2
Stack trace:
#0 /app/public/wp-settings.php(426): include()
#1 /app/public/wp-config.php(86): require_once('/app/public/wp-...')
#2 /app/public/wp-load.php(37): require_once('/app/public/wp-...')
#3 /app/public/wp-blog-header.php(13): require_once('/app/public/wp-...')
#4 /app/public/index.php(17): require('/app/public/wp-...')
#5 {main}
  thrown in /app/public/wp-content/themes/fictional-university-theme/functions.php on line 2
[17-Dec-2017 13:25:02 UTC] PHP Warning:  call_user_func_array() expects parameter 1 to be a valid callback, function 'university_features' not found or invalid function name in /app/public/wp-includes/class-wp-hook.php on line 286
[18-Dec-2017 10:16:54 UTC] PHP Notice:  Undefined index: SERVER_SOFTWARE in phar:///usr/local/bin/wp/php/WP_CLI/Runner.php(1020) : eval()'d code on line 75
[18-Dec-2017 10:16:55 UTC] PHP Notice:  Undefined index: SERVER_SOFTWARE in phar:///usr/local/bin/wp/php/WP_CLI/Runner.php(1020) : eval()'d code on line 75
[18-Dec-2017 10:16:58 UTC] PHP Notice:  Undefined index: SERVER_SOFTWARE in phar:///usr/local/bin/wp/php/WP_CLI/Runner.php(1020) : eval()'d code on line 75
[18-Dec-2017 10:16:59 UTC] PHP Notice:  Undefined index: SERVER_SOFTWARE in phar:///usr/local/bin/wp/php/WP_CLI/Runner.php(1020) : eval()'d code on line 75
[22-Dec-2017 14:05:04 UTC] PHP Notice:  Undefined index: SERVER_SOFTWARE in phar:///usr/local/bin/wp/php/WP_CLI/Runner.php(1020) : eval()'d code on line 75
[22-Dec-2017 14:05:05 UTC] PHP Notice:  Undefined index: SERVER_SOFTWARE in phar:///usr/local/bin/wp/php/WP_CLI/Runner.php(1020) : eval()'d code on line 75
[22-Dec-2017 14:05:06 UTC] PHP Notice:  Undefined index: SERVER_SOFTWARE in phar:///usr/local/bin/wp/php/WP_CLI/Runner.php(1020) : eval()'d code on line 75
[22-Dec-2017 14:05:06 UTC] PHP Notice:  Undefined index: SERVER_SOFTWARE in phar:///usr/local/bin/wp/php/WP_CLI/Runner.php(1020) : eval()'d code on line 75
[06-Jan-2018 21:41:17 UTC] PHP Notice:  Undefined index: SERVER_SOFTWARE in phar:///usr/local/bin/wp/php/WP_CLI/Runner.php(1020) : eval()'d code on line 75
[06-Jan-2018 21:41:18 UTC] PHP Notice:  Undefined index: SERVER_SOFTWARE in phar:///usr/local/bin/wp/php/WP_CLI/Runner.php(1020) : eval()'d code on line 75
[06-Jan-2018 21:41:19 UTC] PHP Notice:  Undefined index: SERVER_SOFTWARE in phar:///usr/local/bin/wp/php/WP_CLI/Runner.php(1020) : eval()'d code on line 75
[06-Jan-2018 21:41:20 UTC] PHP Notice:  Undefined index: SERVER_SOFTWARE in phar:///usr/local/bin/wp/php/WP_CLI/Runner.php(1020) : eval()'d code on line 75
[06-Jan-2018 21:41:38 UTC] PHP Parse error:  syntax error, unexpected ')' in /app/public/wp-content/themes/fictional-university-theme/page.php on line 22
[06-Jan-2018 21:43:35 UTC] PHP Parse error:  syntax error, unexpected '}', expecting ',' or ';' in /app/public/wp-content/themes/fictional-university-theme/page.php on line 24
[22-Jan-2018 08:39:57 UTC] PHP Notice:  Undefined index: SERVER_SOFTWARE in phar:///usr/local/bin/wp/php/WP_CLI/Runner.php(1020) : eval()'d code on line 75
[22-Jan-2018 08:39:57 UTC] PHP Notice:  Undefined index: SERVER_SOFTWARE in phar:///usr/local/bin/wp/php/WP_CLI/Runner.php(1020) : eval()'d code on line 75
[22-Jan-2018 08:39:59 UTC] PHP Notice:  Undefined index: SERVER_SOFTWARE in phar:///usr/local/bin/wp/php/WP_CLI/Runner.php(1020) : eval()'d code on line 75
[22-Jan-2018 08:39:59 UTC] PHP Notice:  Undefined index: SERVER_SOFTWARE in phar:///usr/local/bin/wp/php/WP_CLI/Runner.php(1020) : eval()'d code on line 75
[22-Jan-2018 10:11:29 UTC] PHP Notice:  Undefined index: SERVER_SOFTWARE in phar:///usr/local/bin/wp/php/WP_CLI/Runner.php(1020) : eval()'d code on line 75
[22-Jan-2018 10:11:30 UTC] PHP Notice:  Undefined index: SERVER_SOFTWARE in phar:///usr/local/bin/wp/php/WP_CLI/Runner.php(1020) : eval()'d code on line 75
[22-Jan-2018 10:11:33 UTC] PHP Notice:  Undefined index: SERVER_SOFTWARE in phar:///usr/local/bin/wp/php/WP_CLI/Runner.php(1020) : eval()'d code on line 75
[22-Jan-2018 10:11:33 UTC] PHP Notice:  Undefined index: SERVER_SOFTWARE in phar:///usr/local/bin/wp/php/WP_CLI/Runner.php(1020) : eval()'d code on line 75
[28-Jan-2018 16:09:33 UTC] PHP Parse error:  syntax error, unexpected ')' in /app/public/wp-content/themes/fictional-university-theme/page.php on line 22
[28-Jan-2018 16:09:42 UTC] PHP Parse error:  syntax error, unexpected ')' in /app/public/wp-content/themes/fictional-university-theme/page.php on line 22
[28-Jan-2018 16:55:38 UTC] PHP Fatal error:  Uncaught ArgumentCountError: Too few arguments to function wp_get_post_parent_id(), 0 passed in /app/public/wp-content/themes/fictional-university-theme/page.php on line 22 and exactly 1 expected in /app/public/wp-includes/post.php:6035
Stack trace:
#0 /app/public/wp-content/themes/fictional-university-theme/page.php(22): wp_get_post_parent_id()
#1 /app/public/wp-includes/template-loader.php(74): include('/app/public/wp-...')
#2 /app/public/wp-blog-header.php(19): require_once('/app/public/wp-...')
#3 /app/public/index.php(17): require('/app/public/wp-...')
#4 {main}
  thrown in /app/public/wp-includes/post.php on line 6035
[28-Jan-2018 16:59:36 UTC] PHP Parse error:  syntax error, unexpected '}', expecting ',' or ';' in /app/public/wp-content/themes/fictional-university-theme/page.php on line 23
